<?xml version="1.0" encoding="UTF-8"?>
<testsuite name="com.bookexchange.service.BookServiceTest" tests="5" skipped="0" failures="0" errors="0" timestamp="2025-05-18T13:18:05" hostname="MacBook-Pro-Artem.local" time="1.299">
  <properties/>
  <testcase name="Фильтрация только свои (mine)" classname="com.bookexchange.service.BookServiceTest" time="1.27"/>
  <testcase name="Пустой список книг" classname="com.bookexchange.service.BookServiceTest" time="0.006"/>
  <testcase name="Фильтрация по жанру" classname="com.bookexchange.service.BookServiceTest" time="0.007"/>
  <testcase name="Фильтрация по автору" classname="com.bookexchange.service.BookServiceTest" time="0.007"/>
  <testcase name="Все параметры null" classname="com.bookexchange.service.BookServiceTest" time="0.005"/>
  <system-out><![CDATA[BookService.getBooks: исходный тип списка: class java.util.Arrays$ArrayList
BookService.getBooks: возвращаемый тип списка: class java.util.ArrayList
BookService.getBooks: исходный тип списка: class java.util.Collections$EmptyList
BookService.getBooks: возвращаемый тип списка: class java.util.ArrayList
BookService.getBooks: исходный тип списка: class java.util.Arrays$ArrayList
BookService.getBooks: возвращаемый тип списка: class java.util.ArrayList
BookService.getBooks: исходный тип списка: class java.util.Arrays$ArrayList
BookService.getBooks: возвращаемый тип списка: class java.util.ArrayList
BookService.getBooks: исходный тип списка: class java.util.Arrays$ArrayList
BookService.getBooks: возвращаемый тип списка: class java.util.ArrayList
]]></system-out>
  <system-err><![CDATA[Mockito is currently self-attaching to enable the inline-mock-maker. This will no longer work in future releases of the JDK. Please add Mockito as an agent to your build what is described in Mockito's documentation: https://javadoc.io/doc/org.mockito/mockito-core/latest/org/mockito/Mockito.html#0.3
WARNING: A Java agent has been loaded dynamically (/Users/artemsidnev/.gradle/caches/modules-2/files-2.1/net.bytebuddy/byte-buddy-agent/1.15.11/a38b16385e867f59a641330f0362ebe742788ed8/byte-buddy-agent-1.15.11.jar)
WARNING: If a serviceability tool is in use, please run with -XX:+EnableDynamicAgentLoading to hide this warning
WARNING: If a serviceability tool is not in use, please run with -Djdk.instrument.traceUsage for more information
WARNING: Dynamic loading of agents will be disallowed by default in a future release
]]></system-err>
</testsuite>
